<?xml version="1.0" encoding="UTF-8"?>
<!-- Generated by org.testng.reporters.JUnitXMLReporter -->
<testsuite ignored="0" hostname="DESKTOP-CN8MJSQ" failures="0" tests="10" name="Test" time="162.836" errors="0" timestamp="2023-05-14T13:55:06 IST">
  <testcase classname="Qkart.Test.RegistrationTest" name="testRegistration" time="7.165"/>
  <testcase classname="Qkart.Test.RegistrationTest" name="testRegistration" time="2.05"/>
  <testcase classname="Qkart.Test.RegistrationTest" name="testRegistration" time="2.669"/>
  <testcase classname="Qkart.Test.RegistrationTest" name="testRegistration" time="1.752"/>
  <testcase classname="Qkart.Test.RegistrationTest" name="testRegistration" time="1.743"/>
  <testcase classname="Qkart.Test.RegistrationTest" name="testRegistration" time="2.45"/>
  <testcase classname="Qkart.Test.LoginTestScenario" name="testLogin" time="16.45"/>
  <testcase classname="Qkart.Test.LoginTestScenario" name="testLogin" time="16.41"/>
  <testcase classname="Qkart.Test.LoginTestScenario" name="testLogin" time="17.332"/>
  <testcase classname="Qkart.Test.LoginTestScenario" name="testLogin" time="3.301"/>
</testsuite> <!-- Test -->
